Unity Editor version:    6000.3.9f1 (7a9955a4f2fa)
Branch:                  6000.3/staging
Build type:              Release
Batch mode:              YES
macOS version:           Version 26.3 (Build 25D125)
Darwin version:          25.3.0
Architecture:            arm64
Running under Rosetta:   NO
Available memory:        8192 MB
Date:                    2026-03-12T15:33:41Z
[Licensing::Module] Trying to connect to existing licensing client channel...
[Licensing::IpcConnector] Successfully connected to: "LicenseClient-violetvwv" at "2026-03-12T15:33:41.317716Z"

COMMAND LINE ARGUMENTS:
/Applications/Unity/Hub/Editor/6000.3.9f1/Unity.app/Contents/MacOS/Unity
-adb2
-batchMode
-noUpm
-name
AssetImportWorker0
-projectPath
/Users/violetvwv/Desktop/Bayesian-Optimization-for-Unity
-logFile
Logs/AssetImportWorker0.log
-srvPort
64045
-licensingIpc
LicenseClient-violetvwv
-job-worker-count
3
-background-job-worker-count
8
-gc-helper-count
1
-name AssetImport
Successfully changed project path to: /Users/violetvwv/Desktop/Bayesian-Optimization-for-Unity
/Users/violetvwv/Desktop/Bayesian-Optimization-for-Unity
[UnityMemory] Configuration Parameters - Can be set up in boot.config
    "memorysetup-allocator-temp-initial-block-size-main=262144"
    "memorysetup-allocator-temp-initial-block-size-worker=262144"
    "memorysetup-temp-allocator-size-background-worker=32768"
    "memorysetup-temp-allocator-size-job-worker=262144"
    "memorysetup-temp-allocator-size-preload-manager=33554432"
    "memorysetup-temp-allocator-size-nav-mesh-worker=65536"
    "memorysetup-temp-allocator-size-audio-worker=65536"
    "memorysetup-temp-allocator-size-cloud-worker=32768"
    "memorysetup-bucket-allocator-granularity=16"
    "memorysetup-bucket-allocator-bucket-count=8"
    "memorysetup-bucket-allocator-block-size=33554432"
    "memorysetup-bucket-allocator-block-count=8"
    "memorysetup-main-allocator-block-size=16777216"
    "memorysetup-thread-allocator-block-size=16777216"
    "memorysetup-gfx-main-allocator-block-size=16777216"
    "memorysetup-gfx-thread-allocator-block-size=16777216"
    "memorysetup-cache-allocator-block-size=4194304"
    "memorysetup-typetree-allocator-block-size=2097152"
    "memorysetup-profiler-bucket-allocator-granularity=16"
    "memorysetup-profiler-bucket-allocator-bucket-count=8"
    "memorysetup-profiler-bucket-allocator-block-size=33554432"
    "memorysetup-profiler-bucket-allocator-block-count=8"
    "memorysetup-profiler-allocator-block-size=16777216"
    "memorysetup-profiler-editor-allocator-block-size=1048576"
    "memorysetup-temp-allocator-size-main=16777216"
    "memorysetup-job-temp-allocator-block-size=2097152"
    "memorysetup-job-temp-allocator-block-size-background=1048576"
    "memorysetup-job-temp-allocator-reduction-small-platforms=262144"
    "memorysetup-temp-allocator-size-gi-baking-worker=262144"
    "memorysetup-temp-allocator-size-gi-baking-worker=262144"
    "memorysetup-temp-allocator-size-gi-baking-worker=262144"
    "memorysetup-temp-allocator-size-gi-baking-worker=262144"
    "memorysetup-temp-allocator-size-gi-baking-worker=262144"
    "memorysetup-temp-allocator-size-gfx=262144"
Player connection [8767516800]  Target information:

Player connection [8767516800]  * "[IP] 10.97.242.136 [Port] 0 [Flags] 2 [Guid] 1494620873 [EditorId] 1494620873 [Version] 1048832 [Id] OSXEditor(0,eduroam-int-dhcp-97-242-136.ucl.ac.uk) [Debug] 1 [PackageName] OSXEditor [ProjectName] Editor" 

Player connection [8767516800] Host joined multi-casting on [225.0.0.222:54997]...
Player connection [8767516800] Host joined alternative multi-casting on [225.0.0.222:34997]...
JobSystem: Creating JobQueue using job-worker-count value 3
Input System module state changed to: Initialized.
[Physics::Module] Initialized fallback backend.
[Physics::Module] Id: 0xdecafbad
Library Redirect Path: Library/
[Physics::Module] Selected backend.
[Physics::Module] Name: PhysX
[Physics::Module] Id: 0xf2b8ea05
[Physics::Module] SDK Version: 4.1.2
[Physics::Module] Integration Version: 1.0.0
[Physics::Module] Threading Mode: Multi-Threaded
Refreshing native plugins compatible for Editor in 1.25 ms, found 1 plugins.
Preloading 0 native plugins for Editor in 0.00 ms.
Initialize engine version: 6000.3.9f1 (7a9955a4f2fa)
[Subsystems] Discovering subsystems at path /Applications/Unity/Hub/Editor/6000.3.9f1/Unity.app/Contents/Resources/UnitySubsystems
[Subsystems] Discovering subsystems at path /Users/violetvwv/Desktop/Bayesian-Optimization-for-Unity/Assets
GfxDevice: creating device client; kGfxThreadingModeNonThreaded
 preferred device: Apple M3 (high power)
Metal devices available: 1
0: Apple M3 (high power)
Using device Apple M3 (high power)
Initializing Metal device caps: Apple M3
Mac GPU Family: 2
Apple GPU Family: 9
MSL Version: 3.0
Has Float MSAA: 1
Has Float Filtering: 1
ReadWrite Texture Tier: 2
[Licensing::Client] Handshaking with LicensingClient:
  Version:                 1.17.4+4293ba1
  Session Id:              66ff4ecbb49144319c9a2c12cd924a52
  Correlation Id:          9b07f878da976154b5f0ab2de8125769
  External correlation Id: 609113257938562640
  Machine Id:              dfkKfb9UMj8v7AN5rRefKfXlO9c=
[Licensing::Module] Successfully connected to LicensingClient on channel: "LicenseClient-violetvwv" (connect: 0.00s, validation: 0.00s, handshake: 1.02s)
[Licensing::IpcConnector] Successfully connected to: "LicenseClient-violetvwv-notifications" at "2026-03-12T15:33:42.340228Z"
[Licensing::Module] Licensing Background thread has ended after 1.02s
Initialize mono
Mono path[0] = '/Applications/Unity/Hub/Editor/6000.3.9f1/Unity.app/Contents/Resources/Scripting/Managed'
Mono path[1] = '/Applications/Unity/Hub/Editor/6000.3.9f1/Unity.app/Contents/Resources/Scripting/MonoBleedingEdge/lib/mono/unityjit-macos'
Mono config path = '/Applications/Unity/Hub/Editor/6000.3.9f1/Unity.app/Contents/Resources/Scripting/MonoBleedingEdge/etc'
Using monoOptions --debugger-agent=transport=dt_socket,embedding=1,server=y,suspend=n,address=127.0.0.1:56289
Begin MonoManager ReloadAssembly
Registering precompiled unity dll's ...
Register platform support module: /Applications/Unity/Hub/Editor/6000.3.9f1/Unity.app/Contents/PlaybackEngines/MacStandaloneSupport/UnityEditor.OSXStandalone.Extensions.dll
Registered in 0.001209 seconds.
- Loaded All Assemblies, in  0.454 seconds
Native extension for OSXStandalone target not found
ScheduleIndexationOnStartup MainProcess:False IndexOnStartup:True
Mono: successfully reloaded assembly
- Finished resetting the current domain, in  0.495 seconds
Domain Reload Profiling: 949ms
	BeginReloadAssembly (177ms)
		ExecutionOrderSort (0ms)
		DisableScriptedObjects (0ms)
		BackupInstance (0ms)
		ReleaseScriptingObjects (0ms)
		CreateAndSetChildDomain (1ms)
	RebuildCommonClasses (40ms)
	RebuildNativeTypeToScriptingClass (15ms)
	initialDomainReloadingComplete (42ms)
	LoadAllAssembliesAndSetupDomain (179ms)
		LoadAssemblies (176ms)
		RebuildTransferFunctionScriptingTraits (0ms)
		AnalyzeDomain (176ms)
			TypeCache.Refresh (174ms)
				TypeCache.ScanAssembly (157ms)
			BuildScriptInfoCaches (0ms)
			ResolveRequiredComponents (1ms)
	FinalizeReload (496ms)
		ReleaseScriptCaches (0ms)
		RebuildScriptCaches (0ms)
		SetupLoadedEditorAssemblies (450ms)
			LogAssemblyErrors (0ms)
			InitializePlatformSupportModulesInManaged (40ms)
			SetLoadedEditorAssemblies (6ms)
			BeforeProcessingInitializeOnLoad (98ms)
			ProcessInitializeOnLoadAttributes (193ms)
			ProcessInitializeOnLoadMethodAttributes (114ms)
			AfterProcessingInitializeOnLoad (0ms)
			EditorAssembliesLoaded (0ms)
		ExecutionOrderSort2 (0ms)
		AwakeInstancesAfterBackupRestoration (0ms)
[CoreBusinessMetrics] Unexpected thread when updating session info.
========================================================================
Worker process is ready to serve import requests
Import Worker Mode flag is 0x00
Begin MonoManager ReloadAssembly
[Licensing::Client] Successfully resolved entitlement details
[Licensing::Module] License group:
  Id: F4-NG36-B6EN-YUJF-G3EZ-XXXX
  Product: Unity Personal
  Type: ULF
  Expiration: Unlimited
[Licensing::Module] License group:
  Id: ewogICJzdWJzR3JvdXAiIDogInVuaXR5IGVkaXRvciIsCiAgIm5hbWVzcGFjZSIgOiAidW5pdHlfZWRpdG9yIiwKICAidHlwZSIgOiAiRURJVE9SIiwKICAidGFnIiA6ICJVbml0eVBlcnNvbmFsXXXX
  Product: Unity Personal Version
  Type: Assigned
  Expiration: Unlimited
Symbol file LoadedFromMemory is not a mono symbol file
- Loaded All Assemblies, in  0.541 seconds
Refreshing native plugins compatible for Editor in 0.31 ms, found 1 plugins.
Native extension for OSXStandalone target not found
ScheduleIndexationOnStartup MainProcess:False IndexOnStartup:True
Mono: successfully reloaded assembly
- Finished resetting the current domain, in  0.525 seconds
Domain Reload Profiling: 1066ms
	BeginReloadAssembly (147ms)
		ExecutionOrderSort (0ms)
		DisableScriptedObjects (5ms)
		BackupInstance (0ms)
		ReleaseScriptingObjects (0ms)
		CreateAndSetChildDomain (26ms)
	RebuildCommonClasses (42ms)
	RebuildNativeTypeToScriptingClass (18ms)
	initialDomainReloadingComplete (41ms)
	LoadAllAssembliesAndSetupDomain (294ms)
		LoadAssemblies (227ms)
		RebuildTransferFunctionScriptingTraits (0ms)
		AnalyzeDomain (136ms)
			TypeCache.Refresh (120ms)
				TypeCache.ScanAssembly (93ms)
			BuildScriptInfoCaches (9ms)
			ResolveRequiredComponents (3ms)
	FinalizeReload (525ms)
		ReleaseScriptCaches (0ms)
		RebuildScriptCaches (0ms)
		SetupLoadedEditorAssemblies (364ms)
			LogAssemblyErrors (0ms)
			InitializePlatformSupportModulesInManaged (3ms)
			SetLoadedEditorAssemblies (5ms)
			BeforeProcessingInitializeOnLoad (142ms)
			ProcessInitializeOnLoadAttributes (171ms)
			ProcessInitializeOnLoadMethodAttributes (42ms)
			AfterProcessingInitializeOnLoad (1ms)
			EditorAssembliesLoaded (0ms)
		ExecutionOrderSort2 (0ms)
		AwakeInstancesAfterBackupRestoration (3ms)
Launching external process: /Applications/Unity/Hub/Editor/6000.3.9f1/Unity.app/Contents/Helpers/UnityShaderCompiler
Launched and connected shader compiler UnityShaderCompiler after 0.07 seconds
Refreshing native plugins compatible for Editor in 0.93 ms, found 1 plugins.
Preloading 0 native plugins for Editor in 0.00 ms.
Unloading 0 Unused Serialized files (Serialized files now loaded: 0)
Unloading 574 unused Assets / (45.4 KB). Loaded Objects now: 1174.
Memory consumption went from 75.6 MB to 75.5 MB.
Total: 48.298417 ms (FindLiveObjects: 4.312791 ms CreateObjectMapping: 0.082584 ms MarkObjects: 43.388375 ms  DeleteObjects: 0.513250 ms)

========================================================================
Received Import Request.
  Time since last request: 188094.713661 seconds.
  path: Assets/StreamingAssets/BOData/BayesianOptimization/cabop/utils/__init__.py
  artifactKey: Guid(efabd7f632fa4ab4b8a8bb29c57e9a29) Importer(2089858483,d624ce77472d68a35037170ec1d2d27e)
Start importing Assets/StreamingAssets/BOData/BayesianOptimization/cabop/utils/__init__.py using Guid(efabd7f632fa4ab4b8a8bb29c57e9a29) Importer(2089858483,d624ce77472d68a35037170ec1d2d27e) (ScriptedImporter) -> (artifact id: '4c316fcc5781b02f0829fd80c539ab00') in 0.149043792 seconds
Number of updated asset objects reloaded before import = 0Number of asset objects unloaded after import = 1

========================================================================
Received Import Request.
  Time since last request: 0.001671 seconds.
  path: Assets/BOforUnity/Scripts/FinalDesignSelector.cs
  artifactKey: Guid(f61fcd7e38eb47949a7b5c52d1e27dab) Importer(2089858483,d624ce77472d68a35037170ec1d2d27e)
Start importing Assets/BOforUnity/Scripts/FinalDesignSelector.cs using Guid(f61fcd7e38eb47949a7b5c52d1e27dab) Importer(2089858483,d624ce77472d68a35037170ec1d2d27e) (ScriptedImporter) -> (artifact id: '6f589080d5875fee0399e563affae43b') in 0.067198375 seconds
Number of updated asset objects reloaded before import = 0Number of asset objects unloaded after import = 0

========================================================================
Received Import Request.
  Time since last request: 0.000251 seconds.
  path: Assets/BOforUnity/Scenes/BO-click-game.unity
  artifactKey: Guid(f58050cfc6980554e8dba9c4c040be07) Importer(2089858483,d624ce77472d68a35037170ec1d2d27e)
Start importing Assets/BOforUnity/Scenes/BO-click-game.unity using Guid(f58050cfc6980554e8dba9c4c040be07) Importer(2089858483,d624ce77472d68a35037170ec1d2d27e) (ScriptedImporter) -> (artifact id: 'e3e01c263597ebe1d913b7a4fac71ec6') in 0.0040765 seconds
Number of updated asset objects reloaded before import = 0Number of asset objects unloaded after import = 1

========================================================================
Received Import Request.
  Time since last request: 0.000196 seconds.
  path: Assets/StreamingAssets/BOData/BayesianOptimization/cabop_mobo.py
  artifactKey: Guid(3d0a8e83105a4ca1bda0c50ba8fbe4ea) Importer(2089858483,d624ce77472d68a35037170ec1d2d27e)
Start importing Assets/StreamingAssets/BOData/BayesianOptimization/cabop_mobo.py using Guid(3d0a8e83105a4ca1bda0c50ba8fbe4ea) Importer(2089858483,d624ce77472d68a35037170ec1d2d27e) (ScriptedImporter) -> (artifact id: '1b126b05de5f9989e8e6561696e68541') in 0.002299791 seconds
Number of updated asset objects reloaded before import = 0Number of asset objects unloaded after import = 1

========================================================================
Received Import Request.
  Time since last request: 0.000180 seconds.
  path: Assets/StreamingAssets/BOData/LogData/-1_1
  artifactKey: Guid(f7c705f643b794ef5913a48489e39057) Importer(2089858483,d624ce77472d68a35037170ec1d2d27e)
Start importing Assets/StreamingAssets/BOData/LogData/-1_1 using Guid(f7c705f643b794ef5913a48489e39057) Importer(2089858483,d624ce77472d68a35037170ec1d2d27e) (ScriptedImporter) -> (artifact id: '81c2154c7dde8a32fdd4c790af1dc4f0') in 0.002683625 seconds
Number of updated asset objects reloaded before import = 0Number of asset objects unloaded after import = 1

========================================================================
Received Import Request.
  Time since last request: 0.000182 seconds.
  path: Assets/StreamingAssets/BOData/BayesianOptimization/cabop/bayesopt.py
  artifactKey: Guid(cbf1d8ec22b04b39acdb4a40922fe1ce) Importer(2089858483,d624ce77472d68a35037170ec1d2d27e)
Start importing Assets/StreamingAssets/BOData/BayesianOptimization/cabop/bayesopt.py using Guid(cbf1d8ec22b04b39acdb4a40922fe1ce) Importer(2089858483,d624ce77472d68a35037170ec1d2d27e) (ScriptedImporter) -> (artifact id: '788501103fd6cad237e55fc086466afc') in 0.001796208 seconds
Number of updated asset objects reloaded before import = 0Number of asset objects unloaded after import = 1

========================================================================
Received Import Request.
  Time since last request: 0.000136 seconds.
  path: Assets/QuestionnaireToolkit/Scripts/QTSlider.cs
  artifactKey: Guid(1f10031791c90a044a6bb87cd0fb4da2) Importer(2089858483,d624ce77472d68a35037170ec1d2d27e)
Start importing Assets/QuestionnaireToolkit/Scripts/QTSlider.cs using Guid(1f10031791c90a044a6bb87cd0fb4da2) Importer(2089858483,d624ce77472d68a35037170ec1d2d27e) (ScriptedImporter) -> (artifact id: 'b91f5e7de799a0d2c4dec66f9da6fcac') in 0.141271375 seconds
Number of updated asset objects reloaded before import = 0Number of asset objects unloaded after import = 1

========================================================================
Received Import Request.
  Time since last request: 0.000078 seconds.
  path: Assets/StreamingAssets/BOData/LogData/-1_2/ExecutionTimes.csv
  artifactKey: Guid(10c80dc4b8d1c4aa489b6fb2937f6ea9) Importer(2089858483,d624ce77472d68a35037170ec1d2d27e)
Start importing Assets/StreamingAssets/BOData/LogData/-1_2/ExecutionTimes.csv using Guid(10c80dc4b8d1c4aa489b6fb2937f6ea9) Importer(2089858483,d624ce77472d68a35037170ec1d2d27e) (ScriptedImporter) -> (artifact id: '2ddc58139144a05f17d6fe30a6321c7f') in 0.001992292 seconds
Number of updated asset objects reloaded before import = 0Number of asset objects unloaded after import = 1

========================================================================
Received Import Request.
  Time since last request: 0.000123 seconds.
  path: Assets/StreamingAssets/BOData/LogData/-1_6/ExecutionTimes.csv
  artifactKey: Guid(243688836f84246fda7bdeeef4149313) Importer(2089858483,d624ce77472d68a35037170ec1d2d27e)
Start importing Assets/StreamingAssets/BOData/LogData/-1_6/ExecutionTimes.csv using Guid(243688836f84246fda7bdeeef4149313) Importer(2089858483,d624ce77472d68a35037170ec1d2d27e) (ScriptedImporter) -> (artifact id: '7465882b3340d304de39bebbcde1231d') in 0.003503834 seconds
Number of updated asset objects reloaded before import = 0Number of asset objects unloaded after import = 1

========================================================================
Received Import Request.
  Time since last request: 0.000162 seconds.
  path: Assets/BOforUnity/Scripts/Optimizer.cs
  artifactKey: Guid(698fb45f7d41a4c1fbe38400f716c906) Importer(2089858483,d624ce77472d68a35037170ec1d2d27e)
Start importing Assets/BOforUnity/Scripts/Optimizer.cs using Guid(698fb45f7d41a4c1fbe38400f716c906) Importer(2089858483,d624ce77472d68a35037170ec1d2d27e) (ScriptedImporter) -> (artifact id: '9ff29688a91016772f6292b93e9957ff') in 0.001904875 seconds
Number of updated asset objects reloaded before import = 0Number of asset objects unloaded after import = 0

========================================================================
Received Import Request.
  Time since last request: 0.000131 seconds.
  path: Assets/StreamingAssets/BOData/LogData/-1_2
  artifactKey: Guid(05343c3fb430f47ef8a2a47433b7c2ee) Importer(2089858483,d624ce77472d68a35037170ec1d2d27e)
Start importing Assets/StreamingAssets/BOData/LogData/-1_2 using Guid(05343c3fb430f47ef8a2a47433b7c2ee) Importer(2089858483,d624ce77472d68a35037170ec1d2d27e) (ScriptedImporter) -> (artifact id: 'e2d28e222666e23e1a356be81cca1259') in 0.001470584 seconds
Number of updated asset objects reloaded before import = 0Number of asset objects unloaded after import = 1

========================================================================
Received Import Request.
  Time since last request: 0.000136 seconds.
  path: Assets/StreamingAssets/BOData/LogData/-1_3/ObservationsPerEvaluation.csv
  artifactKey: Guid(757be1bff8ea44d3db097910dc26588d) Importer(2089858483,d624ce77472d68a35037170ec1d2d27e)
Start importing Assets/StreamingAssets/BOData/LogData/-1_3/ObservationsPerEvaluation.csv using Guid(757be1bff8ea44d3db097910dc26588d) Importer(2089858483,d624ce77472d68a35037170ec1d2d27e) (ScriptedImporter) -> (artifact id: 'ff0ab5b9bc39d02987b9634114a57f3e') in 0.001470125 seconds
Number of updated asset objects reloaded before import = 0Number of asset objects unloaded after import = 1

========================================================================
Received Import Request.
  Time since last request: 0.000165 seconds.
  path: Assets/StreamingAssets/BOData/Installation/Windows/installation_python.bat
  artifactKey: Guid(b9910047c3c0f4b9093c994b96930e1b) Importer(2089858483,d624ce77472d68a35037170ec1d2d27e)
Start importing Assets/StreamingAssets/BOData/Installation/Windows/installation_python.bat using Guid(b9910047c3c0f4b9093c994b96930e1b) Importer(2089858483,d624ce77472d68a35037170ec1d2d27e) (ScriptedImporter) -> (artifact id: '06e8612098c29d32822260022d0cf791') in 0.003646167 seconds
Number of updated asset objects reloaded before import = 0Number of asset objects unloaded after import = 1

========================================================================
Received Import Request.
  Time since last request: 0.000176 seconds.
  path: Assets/QuestionnaireToolkit/Scripts/QTQuestionnaireManager.cs
  artifactKey: Guid(8cf4b7804dbb43a4a13ac09f04b4a7fb) Importer(2089858483,d624ce77472d68a35037170ec1d2d27e)
Start importing Assets/QuestionnaireToolkit/Scripts/QTQuestionnaireManager.cs using Guid(8cf4b7804dbb43a4a13ac09f04b4a7fb) Importer(2089858483,d624ce77472d68a35037170ec1d2d27e) (ScriptedImporter) -> (artifact id: 'a9554f50d9ce909b994f2ff1ce52bd24') in 0.002561875 seconds
Number of updated asset objects reloaded before import = 0Number of asset objects unloaded after import = 1

========================================================================
Received Import Request.
  Time since last request: 0.000151 seconds.
  path: Assets/BOforUnity/Scripts/TargetClickerEvaluator.cs
  artifactKey: Guid(258abdd657ece0a42825d93c8d78dae3) Importer(2089858483,d624ce77472d68a35037170ec1d2d27e)
Start importing Assets/BOforUnity/Scripts/TargetClickerEvaluator.cs using Guid(258abdd657ece0a42825d93c8d78dae3) Importer(2089858483,d624ce77472d68a35037170ec1d2d27e) (ScriptedImporter) -> (artifact id: '0c801ad2ee0763c198ce8b7c2e9b4398') in 0.001783959 seconds
Number of updated asset objects reloaded before import = 0Number of asset objects unloaded after import = 0

========================================================================
Received Import Request.
  Time since last request: 0.000126 seconds.
  path: Assets/StreamingAssets/BOData/LogData/-1_1/ObservationsPerEvaluation.csv
  artifactKey: Guid(c43371bdde283450f8e7f4313994eb7a) Importer(2089858483,d624ce77472d68a35037170ec1d2d27e)
Start importing Assets/StreamingAssets/BOData/LogData/-1_1/ObservationsPerEvaluation.csv using Guid(c43371bdde283450f8e7f4313994eb7a) Importer(2089858483,d624ce77472d68a35037170ec1d2d27e) (ScriptedImporter) -> (artifact id: '36263644af191dff78c9cecf52656fb7') in 0.001280958 seconds
Number of updated asset objects reloaded before import = 0Number of asset objects unloaded after import = 1

========================================================================
Received Import Request.
  Time since last request: 0.000239 seconds.
  path: Assets/StreamingAssets/BOData/BayesianOptimization/bo.py
  artifactKey: Guid(56ef41b96d909e149a30752e72ff5fcc) Importer(2089858483,d624ce77472d68a35037170ec1d2d27e)
Start importing Assets/StreamingAssets/BOData/BayesianOptimization/bo.py using Guid(56ef41b96d909e149a30752e72ff5fcc) Importer(2089858483,d624ce77472d68a35037170ec1d2d27e) (ScriptedImporter) -> (artifact id: '4f65085442700f81c6ff1d49652a0351') in 0.001455708 seconds
Number of updated asset objects reloaded before import = 0Number of asset objects unloaded after import = 1

========================================================================
Received Import Request.
  Time since last request: 0.000152 seconds.
  path: Assets/StreamingAssets/BOData/LogData/-1_4/ObservationsPerEvaluation.csv
  artifactKey: Guid(0a80c1a1289c941e6a920b75e4d7fc54) Importer(2089858483,d624ce77472d68a35037170ec1d2d27e)
Start importing Assets/StreamingAssets/BOData/LogData/-1_4/ObservationsPerEvaluation.csv using Guid(0a80c1a1289c941e6a920b75e4d7fc54) Importer(2089858483,d624ce77472d68a35037170ec1d2d27e) (ScriptedImporter) -> (artifact id: 'c52e919f2dc95b8d077d9033674bc9c2') in 0.001677375 seconds
Number of updated asset objects reloaded before import = 0Number of asset objects unloaded after import = 1

========================================================================
Received Import Request.
  Time since last request: 0.000108 seconds.
  path: Assets/StreamingAssets/BOData/LogData/-1_4/HypervolumePerEvaluation.csv
  artifactKey: Guid(a6a7e0519dcec41eeb570868904ec160) Importer(2089858483,d624ce77472d68a35037170ec1d2d27e)
Start importing Assets/StreamingAssets/BOData/LogData/-1_4/HypervolumePerEvaluation.csv using Guid(a6a7e0519dcec41eeb570868904ec160) Importer(2089858483,d624ce77472d68a35037170ec1d2d27e) (ScriptedImporter) -> (artifact id: '49573a878c754b5c23e4a51beedc6a4c') in 0.001346875 seconds
Number of updated asset objects reloaded before import = 0Number of asset objects unloaded after import = 1

========================================================================
Received Import Request.
  Time since last request: 0.000089 seconds.
  path: Assets/StreamingAssets/BOData/LogData/-1_3
  artifactKey: Guid(a7bed03b496fd499780388f22fbf629d) Importer(2089858483,d624ce77472d68a35037170ec1d2d27e)
Start importing Assets/StreamingAssets/BOData/LogData/-1_3 using Guid(a7bed03b496fd499780388f22fbf629d) Importer(2089858483,d624ce77472d68a35037170ec1d2d27e) (ScriptedImporter) -> (artifact id: '9a6dae93047b59f6492ba25f3071f198') in 0.001201834 seconds
Number of updated asset objects reloaded before import = 0Number of asset objects unloaded after import = 1

